<?xml version="1.0" encoding="UTF-8"?>
<testsuite xmlns:xsi="http://www.w3.org/2001/XMLSchema-instance" xsi:noNamespaceSchemaLocation="https://maven.apache.org/surefire/maven-surefire-plugin/xsd/surefire-test-report-3.0.xsd" version="3.0" name="TestSuite" time="23.353" tests="2" errors="0" skipped="0" failures="0">
  <properties>
[...]
</properties>
  <testcase name="loginTest" classname="com.OrangeHRM.testCases.TC001_UserLogin" time="3.061">
    <system-out><![CDATA[[TestNGContentHandler] [WARN] It is strongly recommended to add "<!DOCTYPE suite SYSTEM "http://testng.org/testng-1.0.dtd" >" at the top of your file, otherwise TestNG may fail or not work as expected.
[INFO ] 15-06-2022 09:12:12.740 TC001_UserLogin - Firefox Browser is launched.....
[INFO ] 15-06-2022 09:12:14.158 TC001_UserLogin - Orange HRM application is opened!!!!!
Username 'Admin' is entered!!!!
Password 'admin123' is entered!!!!
LOGIN button is enabled and can be clicked....
LOGIN button is clicked!!!!!
[INFO ] 15-06-2022 09:12:16.869 TC001_UserLogin - User has logged into application successfully.....
[INFO ] 15-06-2022 09:12:17.418 TC001_UserLogin - Screenshot captured successfully
]]></system-out>
    <system-err><![CDATA[SLF4J: Failed to load class "org.slf4j.impl.StaticLoggerBinder".
SLF4J: Defaulting to no-operation (NOP) logger implementation
SLF4J: See http://www.slf4j.org/codes.html#StaticLoggerBinder for further details.
1655341927982	geckodriver	INFO	Listening on 127.0.0.1:25324
1655341928752	mozrunner::runner	INFO	Running command: "C:\\Program Files\\Mozilla Firefox\\firefox.exe" "--marionette" "-no-remote" "-profile" "C:\\Users\\nares\\AppData\\Local\\Temp\\rust_mozprofileBXsNuV"
1655341929592	Marionette	INFO	Marionette enabled
console.warn: SearchSettings: "get: No settings file exists, new profile?" (new NotFoundError("Could not open the file at C:\\Users\\nares\\AppData\\Local\\Temp\\rust_mozprofileBXsNuV\\search.json.mozlz4", (void 0)))
1655341932512	Marionette	INFO	Listening on port 61322
Read port: 61322
1655341932625	RemoteAgent	WARN	TLS certificate errors will be ignored for this session
Jun 15, 2022 9:12:12 PM org.openqa.selenium.remote.ProtocolHandshake createSession
INFO: Detected dialect: W3C
console.warn: LoginRecipes: "getRecipes: falling back to a synchronous message for:" "https://opensource-demo.orangehrmlive.com"
console.warn: LoginRecipes: "getRecipes: falling back to a synchronous message for:" "https://opensource-demo.orangehrmlive.com"
JavaScript error: resource://gre/modules/LoginManagerParent.jsm, line 136: TypeError: gRecipeManager is null
]]></system-err>
  </testcase>
  <testcase name="forgotYourPasswordLinkTest" classname="com.OrangeHRM.testCases.TC002_ForgotYourPasswordLink" time="0.394">
    <system-out><![CDATA[[INFO ] 15-06-2022 09:12:19.096 TC001_UserLogin - Orange HRM application is closed!!!!!
[INFO ] 15-06-2022 09:12:24.171 TC002_ForgotYourPasswordLink - Firefox Browser is launched.....
[INFO ] 15-06-2022 09:12:25.530 TC002_ForgotYourPasswordLink - Orange HRM application is opened!!!!!
[INFO ] 15-06-2022 09:12:25.782 TC002_ForgotYourPasswordLink - Forgot your password? link is displayed.....
[INFO ] 15-06-2022 09:12:26.555 TC002_ForgotYourPasswordLink - Screenshot captured successfully
]]></system-out>
    <system-err><![CDATA[1655341937506	Marionette	INFO	Stopped listening on port 61322
1655341939674	geckodriver	INFO	Listening on 127.0.0.1:31464
1655341940150	mozrunner::runner	INFO	Running command: "C:\\Program Files\\Mozilla Firefox\\firefox.exe" "--marionette" "-no-remote" "-profile" "C:\\Users\\nares\\AppData\\Local\\Temp\\rust_mozprofiletazpH7"
1655341940978	Marionette	INFO	Marionette enabled
console.warn: SearchSettings: "get: No settings file exists, new profile?" (new NotFoundError("Could not open the file at C:\\Users\\nares\\AppData\\Local\\Temp\\rust_mozprofiletazpH7\\search.json.mozlz4", (void 0)))
1655341944069	Marionette	INFO	Listening on port 61375
Read port: 61375
1655341944147	RemoteAgent	WARN	TLS certificate errors will be ignored for this session
Jun 15, 2022 9:12:24 PM org.openqa.selenium.remote.ProtocolHandshake createSession
INFO: Detected dialect: W3C
]]></system-err>
  </testcase>
</testsuite>