<?xml version="1.0" encoding="UTF-8"?>
<testng-results skipped="0" failed="0" ignored="0" total="2" passed="2">
  <reporter-output>
  </reporter-output>
  <suite name="Regression Suite" duration-ms="20970" started-at="2022-06-16T01:12:06Z" finished-at="2022-06-16T01:12:27Z">
    <groups>
    </groups>
    <test name="TC001_UserLogin" duration-ms="12107" started-at="2022-06-16T01:12:06Z" finished-at="2022-06-16T01:12:19Z">
      <class name="com.OrangeHRM.testCases.TC001_UserLogin">
        <test-method status="PASS" signature="setup(java.lang.String)[pri:0, instance:com.OrangeHRM.testCases.TC001_UserLogin@535154]" name="setup" is-config="true" duration-ms="6985" started-at="2022-06-16T01:12:07Z" finished-at="2022-06-16T01:12:14Z">
          <params>
            <param index="0">
              <value>
                <![CDATA[firefox]]>
              </value>
            </param>
          </params>
          <reporter-output>
          </reporter-output>
        </test-method> <!-- setup -->
        <test-method status="PASS" signature="loginTest()[pri:0, instance:com.OrangeHRM.testCases.TC001_UserLogin@535154]" name="loginTest" duration-ms="3260" started-at="2022-06-16T01:12:14Z" finished-at="2022-06-16T01:12:17Z">
          <reporter-output>
          </reporter-output>
        </test-method> <!-- loginTest -->
        <test-method status="PASS" signature="teardown()[pri:0, instance:com.OrangeHRM.testCases.TC001_UserLogin@535154]" name="teardown" is-config="true" duration-ms="1609" started-at="2022-06-16T01:12:17Z" finished-at="2022-06-16T01:12:19Z">
          <reporter-output>
          </reporter-output>
        </test-method> <!-- teardown -->
      </class> <!-- com.OrangeHRM.testCases.TC001_UserLogin -->
    </test> <!-- TC001_UserLogin -->
    <test name="TC002_ForgotYourPasswordLink" duration-ms="8419" started-at="2022-06-16T01:12:19Z" finished-at="2022-06-16T01:12:27Z">
      <class name="com.OrangeHRM.testCases.TC002_ForgotYourPasswordLink">
        <test-method status="PASS" signature="setup(java.lang.String)[pri:0, instance:com.OrangeHRM.testCases.TC002_ForgotYourPasswordLink@f842ca]" name="setup" is-config="true" duration-ms="5980" started-at="2022-06-16T01:12:19Z" finished-at="2022-06-16T01:12:25Z">
          <params>
            <param index="0">
              <value>
                <![CDATA[firefox]]>
              </value>
            </param>
          </params>
          <reporter-output>
          </reporter-output>
        </test-method> <!-- setup -->
        <test-method status="PASS" signature="forgotYourPasswordLinkTest()[pri:0, instance:com.OrangeHRM.testCases.TC002_ForgotYourPasswordLink@f842ca]" name="forgotYourPasswordLinkTest" duration-ms="1026" started-at="2022-06-16T01:12:25Z" finished-at="2022-06-16T01:12:26Z">
          <reporter-output>
          </reporter-output>
        </test-method> <!-- forgotYourPasswordLinkTest -->
        <test-method status="PASS" signature="teardown()[pri:0, instance:com.OrangeHRM.testCases.TC002_ForgotYourPasswordLink@f842ca]" name="teardown" is-config="true" duration-ms="1400" started-at="2022-06-16T01:12:26Z" finished-at="2022-06-16T01:12:27Z">
          <reporter-output>
          </reporter-output>
        </test-method> <!-- teardown -->
      </class> <!-- com.OrangeHRM.testCases.TC002_ForgotYourPasswordLink -->
    </test> <!-- TC002_ForgotYourPasswordLink -->
  </suite> <!-- Regression Suite -->
</testng-results>
